<!DOCTYPE HTML PUBLIC "-//W3C//DTD HTML 3.2//EN">
<HTML>
 <HEAD>
   <TITLE> [Mono-dev] Building Mono on Linux/Alpha
   </TITLE>
   <LINK REL="Index" HREF="index.html" >
   <LINK REL="made" HREF="mailto:mono-devel-list%40lists.ximian.com?Subject=%5BMono-dev%5D%20Building%20Mono%20on%20Linux/Alpha&In-Reply-To=44F34A6F.6010806%40solvo.ru">
   <META NAME="robots" CONTENT="index,nofollow">
   <META http-equiv="Content-Type" content="text/html; charset=us-ascii">
   <LINK REL="Previous"  HREF="020230.html">
   <LINK REL="Next"  HREF="019910.html">
 </HEAD>
 <BODY BGCOLOR="#ffffff">
   <H1>[Mono-dev] Building Mono on Linux/Alpha</H1>
    <B>Servey Tikhonov</B> 
    <A HREF="mailto:mono-devel-list%40lists.ximian.com?Subject=%5BMono-dev%5D%20Building%20Mono%20on%20Linux/Alpha&In-Reply-To=44F34A6F.6010806%40solvo.ru"
       TITLE="[Mono-dev] Building Mono on Linux/Alpha">tsv at solvo.ru
       </A><BR>
    <I>Tue Aug 29 12:20:48 EDT 2006</I>
    <P><UL>
        <LI>Previous message: <A HREF="020230.html">[Mono-dev] Building Mono on Linux/Alpha
</A></li>
        <LI>Next message: <A HREF="019910.html">[Mono-dev] Problem in embeding mono
</A></li>
         <LI> <B>Messages sorted by:</B> 
              <a href="date.html#20166">[ date ]</a>
              <a href="thread.html#20166">[ thread ]</a>
              <a href="subject.html#20166">[ subject ]</a>
              <a href="author.html#20166">[ author ]</a>
         </LI>
       </UL>
    <HR>  
<!--beginarticle-->
<PRE>Hello Zoltan,

Here is first try of running &quot;mono/tests&quot; on Linux/Alpha. :)

make  check-local
make[2]: Entering directory `/root/work/mono/mono/mono/tests'
Testing array-init.exe... pass.
Testing arraylist.exe... pass.
Testing checked.exe... pass.
Testing char-isnumber.exe... pass.
Testing create-instance.exe... pass.
Testing field-layout.exe... pass.
Testing pack-layout.exe... pass.
Testing hash-table.exe... pass.
Testing test-ops.exe... pass.
Testing obj.exe... pass.
Testing string.exe... pass.
Testing stringbuilder.exe... pass.
Testing switch.exe... pass.
Testing outparm.exe... pass.
Testing delegate.exe... pass.
Testing bitconverter.exe... pass.
Testing exception.exe... pass.
Testing exception2.exe... pass.
Testing exception3.exe... pass.
Testing exception4.exe... pass.
Testing exception5.exe... pass.
Testing exception6.exe... pass.
Testing exception7.exe... pass.
Testing exception8.exe... pass.
Testing exception10.exe... pass.
Testing exception11.exe... pass.
Testing exception12.exe... pass.
Testing exception13.exe... pass.
Testing exception14.exe... pass.
Testing exception15.exe... pass.
Testing exception16.exe... pass.
Testing struct.exe... pass.
Testing valuetype-gettype.exe... pass.
Testing typeof-ptr.exe... pass.
Testing static-constructor.exe... pass.
Testing pinvoke.exe... pass.
Testing pinvoke2.exe... sh: line 1: 16828 Aborted                 
MONO_PATH=../../../mcs/class/lib/default 
MONO_SHARED_DIR=/root/work/mono/mono/runtime /bin/sh ../../libtool 
--mode=execute ../mini/mono --config tests-config pinvoke2.exe 
2&gt;pinvoke2.exe.stderr &gt;pinvoke2.exe.stdout
failed 34304 (134) signal (0).
Testing pinvoke3.exe... sh: line 1: 16863 Aborted                 
MONO_PATH=../../../mcs/class/lib/default 
MONO_SHARED_DIR=/root/work/mono/mono/runtime /bin/sh ../../libtool 
--mode=execute ../mini/mono --config tests-config pinvoke3.exe 
2&gt;pinvoke3.exe.stderr &gt;pinvoke3.exe.stdout
failed 34304 (134) signal (0).
Testing pinvoke11.exe... sh: line 1: 16898 Aborted                 
MONO_PATH=../../../mcs/class/lib/default 
MONO_SHARED_DIR=/root/work/mono/mono/runtime /bin/sh ../../libtool 
--mode=execute ../mini/mono --config tests-config pinvoke11.exe 
2&gt;pinvoke11.exe.stderr &gt;pinvoke11.exe.stdout
failed 34304 (134) signal (0).
Testing pinvoke13.exe... pass.
Testing pinvoke17.exe... pass.
Testing invoke.exe... failed 256 (1) signal (0).
Testing invoke2.exe... pass.
Testing runtime-invoke.exe... pass.
Testing invoke-string-ctors.exe... pass.
Testing reinit.exe... pass.
Testing box.exe... pass.
Testing array.exe... pass.
Testing enum.exe... pass.
Testing enum2.exe... pass.
Testing property.exe... pass.
Testing enumcast.exe... pass.
Testing assignable-tests.exe... pass.
Testing array-cast.exe... pass.
Testing cattr-compile.exe... pass.
Testing cattr-field.exe... pass.
Testing cattr-object.exe... pass.
Testing custom-attr.exe... pass.
Testing double-cast.exe... pass.
Testing newobj-valuetype.exe... pass.
Testing arraylist-clone.exe... pass.
Testing setenv.exe... pass.
Testing vtype.exe... pass.
Testing isvaluetype.exe... pass.
Testing iface6.exe... pass.
Testing ipaddress.exe... pass.
Testing array-vt.exe... pass.
Testing interface1.exe... pass.
Testing reflection-enum.exe... pass.
Testing reflection-prop.exe... pass.
Testing reflection4.exe... pass.
Testing reflection5.exe... pass.
Testing reflection-const-field.exe... pass.
Testing many-locals.exe... failed 256 (1) signal (0).
Testing string-compare.exe... pass.
Testing test-prime.exe... pass.
Testing params.exe... pass.
Testing reflection.exe... pass.
Testing interface.exe... pass.
Testing iface.exe... pass.
Testing iface2.exe... pass.
Testing iface3.exe... pass.
Testing iface4.exe... pass.
Testing iface-large.exe... pass.
Testing virtual-method.exe... pass.
Testing intptrcast.exe... pass.
Testing indexer.exe... pass.
Testing stream.exe... pass.
Testing console.exe... pass.
Testing shift.exe... pass.
Testing jit-int.exe... pass.
Testing jit-uint.exe... pass.
Testing jit-long.exe... pass.
Testing long.exe... pass.
Testing jit-ulong.exe... pass.
Testing jit-float.exe... pass.
Testing pop.exe... pass.
Testing time.exe... pass.
Testing appdomain.exe... failed 256 (1) signal (0).
Testing appdomain1.exe... failed 256 (1) signal (0).
Testing appdomain2.exe... failed 256 (1) signal (0).
Testing appdomain-client.exe... pass.
Testing appdomain-unload.exe... disabled.
Testing loader.exe... pass.
Testing pointer.exe... pass.
Testing hashcode.exe... pass.
Testing delegate1.exe... pass.
Testing delegate2.exe... pass.
Testing delegate3.exe... pass.
Testing delegate5.exe... pass.
Testing delegate6.exe... pass.
Testing delegate7.exe... pass.
Testing delegate8.exe... pass.
Testing remoting1.exe... pass.
Testing remoting2.exe... pass.
Testing remoting3.exe... pass.
Testing remoting4.exe... failed 256 (1) signal (0).
Testing remoting5.exe... pass.
Testing nonvirt.exe... failed 256 (1) signal (0).
Testing largeexp.exe... pass.
Testing largeexp2.exe... pass.
Testing marshalbyref1.exe... pass.
Testing static-ctor.exe... pass.
Testing inctest.exe... pass.
Testing bound.exe... pass.
Testing array-invoke.exe... pass.
Testing test-arr.exe... pass.
Testing decimal.exe... pass.
Testing decimal-array.exe... pass.
Testing marshal.exe... pass.
Testing marshal1.exe... pass.
Testing marshal2.exe... pass.
Testing marshal3.exe... pass.
Testing marshal5.exe... pass.
Testing marshal6.exe... pass.
Testing marshal7.exe... pass.
Testing marshal8.exe... pass.
Testing marshal9.exe... failed 768 (3) signal (0).
Testing test-byval-in-struct.exe... pass.
Testing thread.exe... pass.
Testing thread5.exe... pass.
Testing thread6.exe... sh: line 1: 20494 Segmentation fault      
MONO_PATH=../../../mcs/class/lib/default 
MONO_SHARED_DIR=/root/work/mono/mono/runtime /bin/sh ../../libtool 
--mode=execute ../mini/mono --config tests-config thread6.exe 
2&gt;thread6.exe.stderr &gt;thread6.exe.stdout
failed 35584 (139) signal (0).
Testing thread-static.exe... pass.
Testing thread-static-init.exe... pass.
Testing context-static.exe... pass.
Testing float-pop.exe... pass.
Testing interfacecast.exe... pass.
Testing array3.exe... pass.
Testing classinit.exe... pass.
Testing classinit2.exe... pass.
Testing synchronized.exe... pass.
Testing async_read.exe... pass.
Testing threadpool.exe... pass.
Testing threadpool1.exe... pass.
Testing base-definition.exe... pass.
Testing bug-27420.exe... pass.
Testing bug-47295.exe... pass.
Testing bug-46781.exe... pass.
Testing bug-48015.exe... pass.
Testing bug-42136.exe... pass.
Testing bug-70561.exe... pass.
Testing bug-78311.exe... pass.
Testing bug-78653.exe... pass.
Testing bug-78656.exe... pass.
Testing interlocked.exe... failed 256 (1) signal (0).
Testing cross-domain.exe... failed 256 (1) signal (0).
Testing appdomain-exit.exe... failed 256 (1) signal (0).
Testing delegate-async-exit.exe... pass.
Testing delegate-delegate-exit.exe... pass.
Testing delegate-exit.exe... pass.
Testing finalizer-abort.exe... sh: line 1: 21539 Aborted                 
MONO_PATH=../../../mcs/class/lib/default 
MONO_SHARED_DIR=/root/work/mono/mono/runtime /bin/sh ../../libtool 
--mode=execute ../mini/mono --config tests-config finalizer-abort.exe 
2&gt;finalizer-abort.exe.stderr &gt;finalizer-abort.exe.stdout
failed 34304 (134) signal (0).
Testing finalizer-exception.exe... pass.
Testing finalizer-exit.exe... pass.
Testing main-exit.exe... pass.
Testing main-returns-abort-resetabort.exe... sh: line 1: 21680 
Terminated              MONO_PATH=../../../mcs/class/lib/default 
MONO_SHARED_DIR=/root/work/mono/mono/runtime /bin/sh ../../libtool 
--mode=execute ../mini/mono --config tests-config 
main-returns-abort-resetabort.exe 
2&gt;main-returns-abort-resetabort.exe.stderr 
 &gt;main-returns-abort-resetabort.exe.stdout
failed 36608 (143) signal (0).
Testing main-returns-background-abort-resetabort.exe... pass.
Testing main-returns-background-resetabort.exe... pass.
Testing main-returns-background.exe... pass.
Testing main-returns-background-change.exe... pass.
Testing main-returns.exe... pass.
Testing subthread-exit.exe... pass.
Testing desweak.exe... pass.
Testing cominterop.exe... pass.
Testing fib.exe... pass.
Testing random.exe... pass.
Testing nested-loops.exe... pass.
Testing ackermann.exe... pass.
Testing tight-loop.exe... pass.
Testing sieve.exe... pass.
Testing cpblkTest.exe... pass.
Testing vbinterface.exe... pass.
Testing jmpTest.exe... failed 256 (1) signal (0).
Testing calliTest.exe... pass.
Testing ckfiniteTest.exe... failed 512 (2) signal (0).
Testing locallocTest.exe... pass.
Testing initblkTest.exe... pass.
Testing qt-instance.exe... pass.
Testing vararg.exe... sh: line 1: 22517 Aborted                 
MONO_PATH=../../../mcs/class/lib/default 
MONO_SHARED_DIR=/root/work/mono/mono/runtime /bin/sh ../../libtool 
--mode=execute ../mini/mono --config tests-config vararg.exe 
2&gt;vararg.exe.stderr &gt;vararg.exe.stdout
failed 34304 (134) signal (0).
Testing bug-29859.exe... pass.
Testing bug-78549.exe... pass.
Testing static-fields-nonconst.exe... pass.
Testing reload-at-bb-end.exe... pass.
Testing test-enum-indstoreil.exe... pass.
Testing even-odd.exe... pass.
184 test(s) passed. 20 test(s) did not pass.

Failed tests:

pinvoke2.exe
pinvoke3.exe
pinvoke11.exe
invoke.exe
many-locals.exe
appdomain.exe
appdomain1.exe
appdomain2.exe
remoting4.exe
nonvirt.exe
marshal9.exe
thread6.exe
interlocked.exe
cross-domain.exe
appdomain-exit.exe
finalizer-abort.exe
main-returns-abort-resetabort.exe
jmpTest.exe
ckfiniteTest.exe
vararg.exe
make[2]: *** [testjit-default] Error 1
make[2]: Leaving directory `/root/work/mono/mono/mono/tests'
make[1]: *** [check-am] Error 2
make[1]: Leaving directory `/root/work/mono/mono/mono/tests'
make: *** [check-recursive] Error 1

Regards,
Sergey.

<A HREF="http://lists.ximian.com/mailman/listinfo/mono-devel-list">tsv at solvo.ru</A>
Solvo Ltd.


</PRE>

<!--endarticle-->
    <HR>
    <P><UL>
        <!--threads-->
	<LI>Previous message: <A HREF="020230.html">[Mono-dev] Building Mono on Linux/Alpha
</A></li>
	<LI>Next message: <A HREF="019910.html">[Mono-dev] Problem in embeding mono
</A></li>
         <LI> <B>Messages sorted by:</B> 
              <a href="date.html#20166">[ date ]</a>
              <a href="thread.html#20166">[ thread ]</a>
              <a href="subject.html#20166">[ subject ]</a>
              <a href="author.html#20166">[ author ]</a>
         </LI>
       </UL>

<hr>
<a href="http://lists.ximian.com/mailman/listinfo/mono-devel-list">More information about the Mono-devel-list
mailing list</a><br>
</body></html>
