<!DOCTYPE HTML PUBLIC "-//W3C//DTD HTML 3.2//EN">
<HTML>
 <HEAD>
   <TITLE> [Mono-devel-list] Ignored Test Case 20041108
   </TITLE>
   <LINK REL="Index" HREF="index.html" >
   <LINK REL="made" HREF="mailto:mono-devel-list%40lists.ximian.com?Subject=%5BMono-devel-list%5D%20Ignored%20Test%20Case%2020041108&In-Reply-To=">
   <META NAME="robots" CONTENT="index,nofollow">
   <META http-equiv="Content-Type" content="text/html; charset=us-ascii">
   <LINK REL="Previous"  HREF="008741.html">
   <LINK REL="Next"  HREF="008746.html">
 </HEAD>
 <BODY BGCOLOR="#ffffff">
   <H1>[Mono-devel-list] Ignored Test Case 20041108</H1>
    <B>Ritvik Mayank</B> 
    <A HREF="mailto:mono-devel-list%40lists.ximian.com?Subject=%5BMono-devel-list%5D%20Ignored%20Test%20Case%2020041108&In-Reply-To="
       TITLE="[Mono-devel-list] Ignored Test Case 20041108">mritvik at novell.com
       </A><BR>
    <I>Mon Nov  8 10:52:40 EST 2004</I>
    <P><UL>
        <LI>Previous message: <A HREF="008741.html">[Mono-devel-list] cs2008 no files to complie problem
</A></li>
        <LI>Next message: <A HREF="008746.html">[Mono-devel-list] Ignored Test Case 20041108
</A></li>
         <LI> <B>Messages sorted by:</B> 
              <a href="date.html#8745">[ date ]</a>
              <a href="thread.html#8745">[ thread ]</a>
              <a href="subject.html#8745">[ subject ]</a>
              <a href="author.html#8745">[ author ]</a>
         </LI>
       </UL>
    <HR>  
<!--beginarticle-->
<PRE>Hi,

Test Summary ::

System.Web.Services Test standalone::  
------------------------------------------------
Test were not performed as quite a few test were hanging 

Localhost.ConvDocEncBarTests.ConverterTest.AsyncTestService
ConverterTest
Localhost.ConvDocLitWraTests.ConverterTest.TestService
Localhost.ConvDocLitWraTests.ConverterTest.AsyncTestService
Localhost.ConvDocLitWraTests.ConverterTest.AsyncTestException
Localhost.ConvRpcTests.ConverterTest.AsyncTestService

System.Drawing:: (default)
--------------------------------
TestFixture under TestBitmap.cs was Ignored

corlib::(net_2_0)
---------------------
the following test were hanging

MonoTests.System.ArrayTest.TestBinarySearch1
MonoTests.System.ArrayTest.TestBinarySearch2
MonoTests.System.ArrayTest.TestBinarySearch3
NMonoTests.System.ArrayTest.BinarySearch_NullValue
MonoTests.System.ArrayTest.TestIndexOf1
MonoTests.System.ArrayTest.TestIndexOf2
MonoTests.System.ArrayTest.TestLastIndexOf1
MonoTests.System.ArrayTest.TestLastIndexOf2
MonoTests.System.EnumTest.LogicBugPinned
MonoTests.System.Security.Permissions.FileIOPermissionTest.CostructorStringArray
MonoTests.System.Security.Permissions.FileIOPermissionTest.AddPathListStringArray


System.Runtime.Remoting:: ( net_2_0) quite a few test were hanging
--------------------------------------------------------------------------------------
MonoTests.Remoting.HttpSyncCallTest.TestAbstractSimple
MonoTests.Remoting.HttpSyncCallTest.TestInterfaceSimple
MonoTests.Remoting.HttpSyncCallTest.TestInstancePrimitiveParams
MonoTests.Remoting.HttpSyncCallTest.TestAbstractPrimitiveParams
MonoTests.Remoting.HttpSyncCallTest.TestInterfacePrimitiveParams
MonoTests.Remoting.HttpSyncCallTest.TestAbstractPrimitiveParamsInOut


mono/mono/tests::
----------------------
when i do a &quot;make test&quot; 

it throws the following error and exits

.....
....
mcs --unsafe -nowarn:0162 -r:TestDriver.dll -out:isvaluetype.exe
isvaluetype.cs
Compilation succeeded
mcs --unsafe -nowarn:0162 -r:TestDriver.dll -out:isvaluetype.exe
isvaluetype.cs
Compilation succeeded
mcs --unsafe -nowarn:0162 -r:TestDriver.dll -out:iface6.exe iface6.cs
iface6.cs(53) error CS0121: Ambiguous call when selecting function due
to implicit casts
iface6.cs(5): 'IA.Add(int)' (name of symbol related to previous error)
iface6.cs(10): 'IB.Add(int)' (name of symbol related to previous
error)
Compilation failed: 1 error(s), 0 warnings
make: *** [iface6.exe] Error 1

 mono/mini ::
-------------------
when i do &quot;make -k rcheck&quot; I get the following error 

Test run: image=/tmp/snapshot/20041108/mono/mono/mini/objects.exe,
opts=peephole,branch,inline,consprop,copyprop,deadce,linears,shared,intrins,loop,abcrem

** ERROR **: file loader.c: line 1299 (mono_method_get_header):
assertion failed: (loc)
aborting...
make: *** [rcheck] Aborted


with regards,
ritvik


</PRE>

<!--endarticle-->
    <HR>
    <P><UL>
        <!--threads-->
	<LI>Previous message: <A HREF="008741.html">[Mono-devel-list] cs2008 no files to complie problem
</A></li>
	<LI>Next message: <A HREF="008746.html">[Mono-devel-list] Ignored Test Case 20041108
</A></li>
         <LI> <B>Messages sorted by:</B> 
              <a href="date.html#8745">[ date ]</a>
              <a href="thread.html#8745">[ thread ]</a>
              <a href="subject.html#8745">[ subject ]</a>
              <a href="author.html#8745">[ author ]</a>
         </LI>
       </UL>

<hr>
<a href="http://lists.ximian.com/mailman/listinfo/mono-devel-list">More information about the Mono-devel-list
mailing list</a><br>
</body></html>
