<!DOCTYPE HTML PUBLIC "-//W3C//DTD HTML 3.2//EN">
<HTML>
 <HEAD>
   <TITLE> [Glade-users] Global symbol &quot;$VERSION&quot; requires explicit package name at t/01.t
   </TITLE>
   <LINK REL="Index" HREF="index.html" >
   <LINK REL="made" HREF="mailto:siva%40rgcb.res.in">
   <META NAME="robots" CONTENT="index,nofollow">
   
   
   <LINK REL="Next"  HREF="002335.html">
 </HEAD>
 <BODY BGCOLOR="#ffffff">
   <H1>[Glade-users] Global symbol &quot;$VERSION&quot; requires explicit package name at t/01.t
   </H1>
    <B>Siva kumar
    </B> 
    <A HREF="mailto:siva%40rgcb.res.in"
       TITLE="[Glade-users] Global symbol &quot;$VERSION&quot; requires explicit package name at t/01.t">siva@rgcb.res.in
       </A><BR>
    <I>Sat, 1 Jan 2005 11:10:08 +0530 (IST)</I>
    <P><UL>
        
        <LI> Next message: <A HREF="002335.html">[Glade-users] GtkVscale (vertical slider)
</A></li>
         <LI> <B>Messages sorted by:</B> 
              <a href="date.html#2334">[ date ]</a>
              <a href="thread.html#2334">[ thread ]</a>
              <a href="subject.html#2334">[ subject ]</a>
              <a href="author.html#2334">[ author ]</a>
         </LI>
       </UL>
    <HR>  
<!--beginarticle-->
<PRE>

hai 

happy new year to all glade users

i am new to Glade-perl..
while trying the command &quot;make test&quot;  the following error happens..

PERL_DL_NONLAZY=1 /usr/bin/perl &quot;-MExtUtils::Command::MM&quot; &quot;-e&quot; &quot;test_harness(0, 'blib/lib', 'blib/arch')&quot; t/*.t
t/01....Global symbol &quot;$PACKAGE&quot; requires explicit package name at t/01.t line 13.
Global symbol &quot;$VERSION&quot; requires explicit package name at t/01.t line 13.
Execution of t/01.t aborted due to compilation errors.
t/01....dubious
        Test returned status 255 (wstat 65280, 0xff00)
DIED. FAILED tests 1-2
        Failed 2/2 tests, 0.00% okay
Failed Test Stat Wstat Total Fail  Failed  List of Failed
-------------------------------------------------------------------------------
t/01.t       255 65280     2    2 100.00%  1-2
Failed 1/1 test scripts, 0.00% okay. 2/2 subtests failed, 0.00% okay.
make: *** [test_dynamic] Error 2

please anyone help me in this regard..
hoping for an early reply..
thanks in advance..

regards
sivakumar

</PRE>
<!--endarticle-->
    <HR>
    <P><UL>
        <!--threads-->
	
	<LI> Next message: <A HREF="002335.html">[Glade-users] GtkVscale (vertical slider)
</A></li>
         <LI> <B>Messages sorted by:</B> 
              <a href="date.html#2334">[ date ]</a>
              <a href="thread.html#2334">[ thread ]</a>
              <a href="subject.html#2334">[ subject ]</a>
              <a href="author.html#2334">[ author ]</a>
         </LI>
       </UL>
</body></html>
