<!DOCTYPE HTML PUBLIC "-//W3C//DTD HTML 3.2//EN">
<HTML>
 <HEAD>
   <TITLE> [Gtk-sharp-list] Unable to make gtksharp - any ideas
   </TITLE>
   <LINK REL="Index" HREF="index.html" >
   <LINK REL="made" HREF="mailto:gtk-sharp-list%40lists.ximian.com?Subject=%5BGtk-sharp-list%5D%20Unable%20to%20make%20gtksharp%20-%20any%20ideas&In-Reply-To=">
   <META NAME="robots" CONTENT="index,nofollow">
   <META http-equiv="Content-Type" content="text/html; charset=us-ascii">
   <LINK REL="Previous"  HREF="006745.html">
   <LINK REL="Next"  HREF="006756.html">
 </HEAD>
 <BODY BGCOLOR="#ffffff">
   <H1>[Gtk-sharp-list] Unable to make gtksharp - any ideas</H1>
    <B>Paul</B> 
    <A HREF="mailto:gtk-sharp-list%40lists.ximian.com?Subject=%5BGtk-sharp-list%5D%20Unable%20to%20make%20gtksharp%20-%20any%20ideas&In-Reply-To="
       TITLE="[Gtk-sharp-list] Unable to make gtksharp - any ideas">paul at all-the-johnsons.co.uk
       </A><BR>
    <I>Wed Dec 21 09:40:49 EST 2005</I>
    <P><UL>
        <LI>Previous message: <A HREF="006745.html">[Gtk-sharp-list] Printing with Gnome on Win32
</A></li>
        <LI>Next message: <A HREF="006756.html">[Gtk-sharp-list] Unable to make gtksharp - any ideas
</A></li>
         <LI> <B>Messages sorted by:</B> 
              <a href="date.html#6747">[ date ]</a>
              <a href="thread.html#6747">[ thread ]</a>
              <a href="subject.html#6747">[ subject ]</a>
              <a href="author.html#6747">[ author ]</a>
         </LI>
       </UL>
    <HR>  
<!--beginarticle-->
<PRE>Hi,

I'm using FC5t1 with all the updates in place. I can compile gtksharp
without vte support, but with it, I'm finding the following errors

In file included from generated.c:4:
/usr/include/vte/vte.h:28:18: error: glib.h: No such file or directory
/usr/include/vte/vte.h:29:25: error: pango/pango.h: No such file or
directory
/usr/include/vte/vte.h:30:21: error: gtk/gtk.h: No such file or
directory
In file included from generated.c:4:
/usr/include/vte/vte.h:35: error: expected '=', ',', ';', 'asm' or
'__attribute__' before 'typedef'
/usr/include/vte/vte.h:43: error: expected specifier-qualifier-list
before 'GtkWidget'
/usr/include/vte/vte.h:64: error: expected specifier-qualifier-list
before 'GtkWidgetClass'
/usr/include/vte/vte.h:167: error: expected specifier-qualifier-list
before 'GdkColor'
/usr/include/vte/vte.h:175: error: expected specifier-qualifier-list
before 'GdkColor'
/usr/include/vte/vte.h:180: error: expected '=', ',', ';', 'asm' or
'__attribute__' before 'vte_terminal_get_type'
/usr/include/vte/vte.h:181: error: expected '=', ',', ';', 'asm' or
'__attribute__' before 'vte_terminal_erase_binding_get_type'
/usr/include/vte/vte.h:182: error: expected '=', ',', ';', 'asm' or
'__attribute__' before 'vte_terminal_anti_alias_get_type'
/usr/include/vte/vte.h:205: error: expected '=', ',', ';', 'asm' or
'__attribute__' before '*' token
/usr/include/vte/vte.h:209: error: expected declaration specifiers or
'...' before 'gboolean'
/usr/include/vte/vte.h:210: error: expected declaration specifiers or
'...' before 'gboolean'
/usr/include/vte/vte.h:211: error: expected declaration specifiers or
'...' before 'gboolean'
/usr/include/vte/vte.h:216: error: expected declaration specifiers or
'...' before 'gboolean'
/usr/include/vte/vte.h:217: error: expected declaration specifiers or
'...' before 'gboolean'
/usr/include/vte/vte.h:218: error: expected declaration specifiers or
'...' before 'gboolean'
/usr/include/vte/vte.h:222: error: expected declaration specifiers or
'...' before 'glong'
/usr/include/vte/vte.h:224: error: expected declaration specifiers or
'...' before 'glong'
/usr/include/vte/vte.h:235: error: expected declaration specifiers or
'...' before 'glong'
/usr/include/vte/vte.h:235: error: expected declaration specifiers or
'...' before 'glong'
/usr/include/vte/vte.h:238: error: expected declaration specifiers or
'...' before 'gboolean'
/usr/include/vte/vte.h:239: error: expected '=', ',', ';', 'asm' or
'__attribute__' before 'vte_terminal_get_audible_bell'
/usr/include/vte/vte.h:240: error: expected declaration specifiers or
'...' before 'gboolean'
/usr/include/vte/vte.h:241: error: expected '=', ',', ';', 'asm' or
'__attribute__' before 'vte_terminal_get_visible_bell'
/usr/include/vte/vte.h:242: error: expected declaration specifiers or
'...' before 'gboolean'
/usr/include/vte/vte.h:243: error: expected declaration specifiers or
'...' before 'gboolean'
/usr/include/vte/vte.h:245: error: expected declaration specifiers or
'...' before 'gboolean'
/usr/include/vte/vte.h:249: error: expected ';', ',' or ')' before '*'
token
/usr/include/vte/vte.h:251: error: expected ';', ',' or ')' before '*'
token
/usr/include/vte/vte.h:253: error: expected ';', ',' or ')' before '*'
token
/usr/include/vte/vte.h:255: error: expected ';', ',' or ')' before '*'
token
/usr/include/vte/vte.h:257: error: expected ';', ',' or ')' before '*'
token
/usr/include/vte/vte.h:259: error: expected ';', ',' or ')' before '*'
token
/usr/include/vte/vte.h:261: error: expected ';', ',' or ')' before '*'
token
/usr/include/vte/vte.h:268: error: expected declaration specifiers or
'...' before 'GdkPixbuf'
/usr/include/vte/vte.h:272: error: expected ';', ',' or ')' before '*'
token
/usr/include/vte/vte.h:276: error: expected declaration specifiers or
'...' before 'gboolean'
/usr/include/vte/vte.h:279: error: expected declaration specifiers or
'...' before 'gboolean'
/usr/include/vte/vte.h:282: error: expected declaration specifiers or
'...' before 'glong'
/usr/include/vte/vte.h:286: error: expected declaration specifiers or
'...' before 'GtkMenuShell'
/usr/include/vte/vte.h:290: error: expected ';', ',' or ')' before '*'
token
/usr/include/vte/vte.h:292: error: expected ';', ',' or ')' before '*'
token
/usr/include/vte/vte.h:298: error: expected '=', ',', ';', 'asm' or
'__attribute__' before '*' token
/usr/include/vte/vte.h:299: error: expected '=', ',', ';', 'asm' or
'__attribute__' before 'vte_terminal_get_using_xft'
/usr/include/vte/vte.h:300: error: expected declaration specifiers or
'...' before 'gboolean'
/usr/include/vte/vte.h:301: error: expected '=', ',', ';', 'asm' or
'__attribute__' before 'vte_terminal_get_allow_bold'
/usr/include/vte/vte.h:304: error: expected '=', ',', ';', 'asm' or
'__attribute__' before 'vte_terminal_get_has_selection'
/usr/include/vte/vte.h:310: error: expected '=', ',', ';', 'asm' or
'__attribute__' before 'vte_terminal_is_word_char'
/usr/include/vte/vte.h:319: error: expected declaration specifiers or
'...' before 'gboolean'
/usr/include/vte/vte.h:320: error: expected '=', ',', ';', 'asm' or
'__attribute__' before 'vte_terminal_get_mouse_autohide'
/usr/include/vte/vte.h:323: error: expected declaration specifiers or
'...' before 'gboolean'
/usr/include/vte/vte.h:324: error: expected declaration specifiers or
'...' before 'gboolean'
/usr/include/vte/vte.h:333: error: expected declaration specifiers or
'...' before 'gboolean'
/usr/include/vte/vte.h:337: error: expected declaration specifiers or
'...' before 'gpointer'
/usr/include/vte/vte.h:338: error: expected declaration specifiers or
'...' before 'GArray'
/usr/include/vte/vte.h:340: error: expected declaration specifiers or
'...' before 'gboolean'
/usr/include/vte/vte.h:344: error: expected declaration specifiers or
'...' before 'gpointer'
/usr/include/vte/vte.h:345: error: expected declaration specifiers or
'...' before 'GArray'
/usr/include/vte/vte.h:347: error: expected declaration specifiers or
'...' before 'glong'
/usr/include/vte/vte.h:347: error: expected declaration specifiers or
'...' before 'glong'
/usr/include/vte/vte.h:348: error: expected declaration specifiers or
'...' before 'glong'
/usr/include/vte/vte.h:348: error: expected declaration specifiers or
'...' before 'glong'
/usr/include/vte/vte.h:349: error: expected declaration specifiers or
'...' before 'gboolean'
/usr/include/vte/vte.h:353: error: expected declaration specifiers or
'...' before 'gpointer'
/usr/include/vte/vte.h:354: error: expected declaration specifiers or
'...' before 'GArray'
/usr/include/vte/vte.h:356: error: expected declaration specifiers or
'...' before 'glong'
/usr/include/vte/vte.h:356: error: expected declaration specifiers or
'...' before 'glong'
/usr/include/vte/vte.h:366: error: expected declaration specifiers or
'...' before 'GdkCursor'
/usr/include/vte/vte.h:368: error: expected declaration specifiers or
'...' before 'GdkCursorType'
/usr/include/vte/vte.h:376: error: expected declaration specifiers or
'...' before 'glong'
/usr/include/vte/vte.h:376: error: expected declaration specifiers or
'...' before 'glong'
/usr/include/vte/vte.h:395: error: expected '=', ',', ';', 'asm' or
'__attribute__' before '*' token
/usr/include/vte/vte.h:396: error: expected '=', ',', ';', 'asm' or
'__attribute__' before 'vte_terminal_get_char_width'
/usr/include/vte/vte.h:397: error: expected '=', ',', ';', 'asm' or
'__attribute__' before 'vte_terminal_get_char_height'
/usr/include/vte/vte.h:398: error: expected '=', ',', ';', 'asm' or
'__attribute__' before 'vte_terminal_get_char_descent'
/usr/include/vte/vte.h:399: error: expected '=', ',', ';', 'asm' or
'__attribute__' before 'vte_terminal_get_char_ascent'
/usr/include/vte/vte.h:400: error: expected '=', ',', ';', 'asm' or
'__attribute__' before 'vte_terminal_get_row_count'
/usr/include/vte/vte.h:401: error: expected '=', ',', ';', 'asm' or
'__attribute__' before 'vte_terminal_get_column_count'
generated.c:6: error: expected '=', ',', ';', 'asm' or '__attribute__'
before 'gboolean'
generated.c:7: error: expected declaration specifiers or '...' before
'gboolean'
generated.c:10: error: expected '=', ',', ';', 'asm' or '__attribute__'
before 'vtesharp_vte_charattributes_get_underline'
generated.c:16: error: expected declaration specifiers or '...' before
'gboolean'
generated.c: In function 'vtesharp_vte_charattributes_set_underline':
generated.c:18: error: 'VteCharAttributes' has no member named
'underline'
generated.c:18: error: 'gboolean' undeclared (first use in this
function)
generated.c:18: error: (Each undeclared identifier is reported only once
generated.c:18: error: for each function it appears in.)
generated.c:18: error: expected ';' before 'value'
generated.c: At top level:
generated.c:21: error: expected '=', ',', ';', 'asm' or '__attribute__'
before 'vtesharp_vte_charattributes_get_strikethrough'
generated.c:22: error: expected declaration specifiers or '...' before
'gboolean'
generated.c:25: error: expected '=', ',', ';', 'asm' or '__attribute__'
before 'vtesharp_vte_charattributes_get_strikethrough'
generated.c:31: error: expected declaration specifiers or '...' before
'gboolean'
generated.c: In function
'vtesharp_vte_charattributes_set_strikethrough':
generated.c:33: error: 'VteCharAttributes' has no member named
'strikethrough'
generated.c:33: error: 'gboolean' undeclared (first use in this
function)
generated.c:33: error: expected ';' before 'value'
make[3]: *** [generated.lo] Error 1
make[2]: *** [all-recursive] Error 1
make[1]: *** [all-recursive] Error 1
make: *** [all] Error 2

Is this me or Fedora messing things up?

TTFN

Paul

-- 
main(t,_,a) char*a;{return!0&lt;t?t&lt;3?main(-79,-13,a+main(-87,1-_,main(-86,
0,a+1 )+a)):1,t&lt;_?main(t+1,_,a ):3,main (-94,-27+t,a)&amp;&amp;t==2?_&lt;13?main(2,
_+1,&quot;%s %d %d\n&quot;):9:16:t&lt;0?t&lt;-72?main(_,t,&quot;@n'+,#'/*{}w+/w#cdnr/+,{}r/*de}
+,/*{*+,/w{%+,/w#q#n+,/#{l,+,/n{n+,/+#n+,/#;#q#n+,/+k#;*+,/'r :'d*'3,}{w+K 
w'K:'+}e#';dq#'l q#'+d'K#!/+k#;q#'r}eKK#}w'r}eKK{nl]'/#;#q#n'){)#}w'){){nl]
'/+#n';d}rw' i;# ){nl]!/n{n#'; r{#w'r nc{nl]'/#{l,+'K {rw' iK{;[{nl]'/w#q#n
'wk nw' iwk{KK{nl]!/w{%'l##w#' i; :{nl]'/*{q#'ld;r'}{nlwb!/*de}'c ;;{nl'-{}
rw]'/+,}##'*}#nc,',#nw]'/+kd'+e}+;#'rdq#w! nr'/ ') }+}{rl#'{n' ')# }'+}##
(!!/&quot;):t&lt;-50?_==*a?putchar(31[a]):main(-65,_,a+1):main((*a=='/')+t,_,a+1
):0&lt;t?main(2,2,&quot;%s&quot;):*a=='/'||main(0,main(-61,*a,&quot;!ek;dc <A HREF="http://lists.ximian.com/mailman/listinfo/gtk-sharp-list">i at bK</A>'(q)-[w]*%n+r3#l
,{}:\nuwloca-O;m .vpbks,fxntdCeghiry&quot;),a+1);}
-------------- next part --------------
A non-text attachment was scrubbed...
Name: not available
Type: application/pgp-signature
Size: 189 bytes
Desc: This is a digitally signed message part
Url : <A HREF="http://lists.ximian.com/pipermail/gtk-sharp-list/attachments/20051221/d7fb9da0/attachment-0001.bin">http://lists.ximian.com/pipermail/gtk-sharp-list/attachments/20051221/d7fb9da0/attachment-0001.bin</A>
</PRE>



<!--endarticle-->
    <HR>
    <P><UL>
        <!--threads-->
	<LI>Previous message: <A HREF="006745.html">[Gtk-sharp-list] Printing with Gnome on Win32
</A></li>
	<LI>Next message: <A HREF="006756.html">[Gtk-sharp-list] Unable to make gtksharp - any ideas
</A></li>
         <LI> <B>Messages sorted by:</B> 
              <a href="date.html#6747">[ date ]</a>
              <a href="thread.html#6747">[ thread ]</a>
              <a href="subject.html#6747">[ subject ]</a>
              <a href="author.html#6747">[ author ]</a>
         </LI>
       </UL>

<hr>
<a href="http://lists.ximian.com/mailman/listinfo/gtk-sharp-list">More information about the Gtk-sharp-list
mailing list</a><br>
</body></html>
