<?xml version="1.0" encoding="utf-8" standalone="no"?>
<!--This file represents the results of running a test suite-->
<test-results name="/home/andrews/monobuild/mcs/class/System.Web/System.Web_test_net_2_0.dll" total="20" failures="10" not-run="0" date="5/28/2006" time="5:50 PM">
  <test-suite name="/home/andrews/monobuild/mcs/class/System.Web/System.Web_test_net_2_0.dll" success="False" time="12.23573" asserts="0">
    <results>
      <test-suite name="MonoTests" success="False" time="12.219704" asserts="0">
        <results>
          <test-suite name="System" success="False" time="12.209444" asserts="0">
            <results>
              <test-suite name="Web" success="False" time="12.189896" asserts="0">
                <results>
                  <test-suite name="UI" success="False" time="12.17995" asserts="0">
                    <results>
                      <test-suite name="WebControls" success="False" time="12.169218" asserts="0">
                        <results>
                          <test-suite name="MasterPageTest" success="False" time="1.131504" asserts="0">
                            <results>
                              <test-case name="MonoTests.System.Web.UI.WebControls.MasterPageTest.MasterPage_Render" executed="True" success="False" time="0.872" asserts="0">
                                <categories>
                                  <category name="NunitWeb" />
                                  <category name="NotWorking" />
                                </categories>
                                <failure>
                                  <message>System.Exception : internal error: ProcessRequest did not reach DelegateInvoker constructor; response was: &lt;html&gt;
&lt;title&gt;Error 500&lt;/title&gt;&lt;body bgcolor="white"&gt;&lt;h1&gt;&lt;font color="red"&gt;Server error in '/NunitWeb' application&lt;/font&gt;&lt;/h1&gt;&lt;hr&gt;
&lt;h2&gt;&lt;font color="maroon"&gt;&lt;i&gt;&lt;/i&gt;&lt;/font&gt;&lt;/h2&gt;
&lt;b&gt;Description: &lt;/b&gt;Error processing request.
&lt;p&gt;
&lt;b&gt;Error Message: &lt;/b&gt;HTTP 500. 
&lt;p&gt;
&lt;b&gt;Stack Trace: &lt;/b&gt;&lt;table summary="Stack Trace" width="100%" bgcolor="#ffffc"&gt;
&lt;tr&gt;&lt;td&gt;&lt;code&gt;&lt;pre&gt;
System.NullReferenceException: Object reference not set to an instance of an object
in [0x00001] (at /home/andrews/monobuild/mcs/class/System.Web/System.Web.UI/TemplateParser.cs:118) System.Web.UI.TemplateParser:AddApplicationAssembly ()
in [0x0003d] (at /home/andrews/monobuild/mcs/class/System.Web/System.Web.UI/UserControlParser.cs:64) System.Web.UI.UserControlParser:.ctor (System.String virtualPath, System.String inputFile, System.Web.HttpContext context, System.String type)
in [0x00009] (at /home/andrews/monobuild/mcs/class/System.Web/System.Web.UI/MasterPageParser.cs:47) System.Web.UI.MasterPageParser:.ctor (System.String virtualPath, System.String inputFile, System.Web.HttpContext context)
in [0x00003] (at /home/andrews/monobuild/mcs/class/System.Web/System.Web.UI/MasterPageParser.cs:58) System.Web.UI.MasterPageParser:GetCompiledMasterType (System.String virtualPath, System.String inputFile, System.Web.HttpContext context)
in [0x00507] (at /home/andrews/monobuild/mcs/class/System.Web/System.Web.UI/PageParser.cs:285) System.Web.UI.PageParser:ProcessMainAttributes (System.Collections.Hashtable atts)
in [0x00047] (at /home/andrews/monobuild/mcs/class/System.Web/System.Web.UI/TemplateParser.cs:145) System.Web.UI.TemplateParser:AddDirective (System.String directive, System.Collections.Hashtable atts)
in [0x002fe] (at /home/andrews/monobuild/mcs/class/System.Web/System.Web.UI/TemplateControlParser.cs:175) System.Web.UI.TemplateControlParser:AddDirective (System.String directive, System.Collections.Hashtable atts)
in [0x000ad] (at /home/andrews/monobuild/mcs/class/System.Web/System.Web.UI/PageParser.cs:317) System.Web.UI.PageParser:AddDirective (System.String directive, System.Collections.Hashtable atts)
in [0x00131] (at /home/andrews/monobuild/mcs/class/System.Web/System.Web.Compilation/AspGenerator.cs:353) System.Web.Compilation.AspGenerator:TagParsed (ILocation location, TagType tagtype, System.String tagid, System.Web.Compilation.TagAttributes attributes)
in (wrapper delegate-invoke) System.MulticastDelegate:invoke_void_ILocation_TagType_string_TagAttributes (System.Web.Compilation.ILocation,System.Web.Compilation.TagType,string,System.Web.Compilation.TagAttributes)
in [0x00015] (at /home/andrews/monobuild/mcs/class/System.Web/System.Web.Compilation/AspParser.cs:467) System.Web.Compilation.AspParser:OnTagParsed (TagType tagtype, System.String id, System.Web.Compilation.TagAttributes attributes)
in [0x00100] (at /home/andrews/monobuild/mcs/class/System.Web/System.Web.Compilation/AspParser.cs:163) System.Web.Compilation.AspParser:Parse ()
in [0x00012] (at /home/andrews/monobuild/mcs/class/System.Web/System.Web.Compilation/AspGenerator.cs:248) System.Web.Compilation.AspGenerator:Parse (System.String file)
in [0x00011] (at /home/andrews/monobuild/mcs/class/System.Web/System.Web.Compilation/AspGenerator.cs:265) System.Web.Compilation.AspGenerator:Parse ()
in [0x0004a] (at /home/andrews/monobuild/mcs/class/System.Web/System.Web.Compilation/AspGenerator.cs:278) System.Web.Compilation.AspGenerator:GetCompiledType ()
in [0x00008] (at /home/andrews/monobuild/mcs/class/System.Web/System.Web.UI/PageParser.cs:334) System.Web.UI.PageParser:CompileIntoType ()
in [0x00001] (at /home/andrews/monobuild/mcs/class/System.Web/System.Web.UI/TemplateControlParser.cs:73) System.Web.UI.TemplateControlParser:GetCompiledInstance ()
in [0x0000a] (at /home/andrews/monobuild/mcs/class/System.Web/System.Web.UI/PageParser.cs:101) System.Web.UI.PageParser:GetCompiledPageInstance (System.String virtualPath, System.String inputFile, System.Web.HttpContext context)
in [0x00004] (at /home/andrews/monobuild/mcs/class/System.Web/System.Web.UI/PageHandlerFactory.cs:41) System.Web.UI.PageHandlerFactory:GetHandler (System.Web.HttpContext context, System.String requestType, System.String url, System.String path)
in [0x00068] (at /home/andrews/monobuild/mcs/class/System.Web/System.Web/HttpApplication.cs:1067) System.Web.HttpApplication:GetHandler (System.Web.HttpContext context)
in &amp;lt;0x00b3b&amp;gt; System.Web.HttpApplication+&amp;lt;Pipeline&amp;gt;__2:MoveNext ()&lt;/pre&gt;&lt;/code&gt;
&lt;/td&gt;&lt;/tr&gt;
&lt;/table&gt;
&lt;p&gt;
&lt;hr&gt;
&lt;/body&gt;
&lt;/html&gt;
&lt;!--
System.Web.HttpException:  ---&amp;gt; System.NullReferenceException: Object reference not set to an instance of an object
in [0x00001] (at /home/andrews/monobuild/mcs/class/System.Web/System.Web.UI/TemplateParser.cs:118) System.Web.UI.TemplateParser:AddApplicationAssembly ()
in [0x0003d] (at /home/andrews/monobuild/mcs/class/System.Web/System.Web.UI/UserControlParser.cs:64) System.Web.UI.UserControlParser:.ctor (System.String virtualPath, System.String inputFile, System.Web.HttpContext context, System.String type)
in [0x00009] (at /home/andrews/monobuild/mcs/class/System.Web/System.Web.UI/MasterPageParser.cs:47) System.Web.UI.MasterPageParser:.ctor (System.String virtualPath, System.String inputFile, System.Web.HttpContext context)
in [0x00003] (at /home/andrews/monobuild/mcs/class/System.Web/System.Web.UI/MasterPageParser.cs:58) System.Web.UI.MasterPageParser:GetCompiledMasterType (System.String virtualPath, System.String inputFile, System.Web.HttpContext context)
in [0x00507] (at /home/andrews/monobuild/mcs/class/System.Web/System.Web.UI/PageParser.cs:285) System.Web.UI.PageParser:ProcessMainAttributes (System.Collections.Hashtable atts)
in [0x00047] (at /home/andrews/monobuild/mcs/class/System.Web/System.Web.UI/TemplateParser.cs:145) System.Web.UI.TemplateParser:AddDirective (System.String directive, System.Collections.Hashtable atts)
in [0x002fe] (at /home/andrews/monobuild/mcs/class/System.Web/System.Web.UI/TemplateControlParser.cs:175) System.Web.UI.TemplateControlParser:AddDirective (System.String directive, System.Collections.Hashtable atts)
in [0x000ad] (at /home/andrews/monobuild/mcs/class/System.Web/System.Web.UI/PageParser.cs:317) System.Web.UI.PageParser:AddDirective (System.String directive, System.Collections.Hashtable atts)
in [0x00131] (at /home/andrews/monobuild/mcs/class/System.Web/System.Web.Compilation/AspGenerator.cs:353) System.Web.Compilation.AspGenerator:TagParsed (ILocation location, TagType tagtype, System.String tagid, System.Web.Compilation.TagAttributes attributes)
in (wrapper delegate-invoke) System.MulticastDelegate:invoke_void_ILocation_TagType_string_TagAttributes (System.Web.Compilation.ILocation,System.Web.Compilation.TagType,string,System.Web.Compilation.TagAttributes)
in [0x00015] (at /home/andrews/monobuild/mcs/class/System.Web/System.Web.Compilation/AspParser.cs:467) System.Web.Compilation.AspParser:OnTagParsed (TagType tagtype, System.String id, System.Web.Compilation.TagAttributes attributes)
in [0x00100] (at /home/andrews/monobuild/mcs/class/System.Web/System.Web.Compilation/AspParser.cs:163) System.Web.Compilation.AspParser:Parse ()
in [0x00012] (at /home/andrews/monobuild/mcs/class/System.Web/System.Web.Compilation/AspGenerator.cs:248) System.Web.Compilation.AspGenerator:Parse (System.String file)
in [0x00011] (at /home/andrews/monobuild/mcs/class/System.Web/System.Web.Compilation/AspGenerator.cs:265) System.Web.Compilation.AspGenerator:Parse ()
in [0x0004a] (at /home/andrews/monobuild/mcs/class/System.Web/System.Web.Compilation/AspGenerator.cs:278) System.Web.Compilation.AspGenerator:GetCompiledType ()
in [0x00008] (at /home/andrews/monobuild/mcs/class/System.Web/System.Web.UI/PageParser.cs:334) System.Web.UI.PageParser:CompileIntoType ()
in [0x00001] (at /home/andrews/monobuild/mcs/class/System.Web/System.Web.UI/TemplateControlParser.cs:73) System.Web.UI.TemplateControlParser:GetCompiledInstance ()
in [0x0000a] (at /home/andrews/monobuild/mcs/class/System.Web/System.Web.UI/PageParser.cs:101) System.Web.UI.PageParser:GetCompiledPageInstance (System.String virtualPath, System.String inputFile, System.Web.HttpContext context)
in [0x00004] (at /home/andrews/monobuild/mcs/class/System.Web/System.Web.UI/PageHandlerFactory.cs:41) System.Web.UI.PageHandlerFactory:GetHandler (System.Web.HttpContext context, System.String requestType, System.String url, System.String path)
in [0x00068] (at /home/andrews/monobuild/mcs/class/System.Web/System.Web/HttpApplication.cs:1067) System.Web.HttpApplication:GetHandler (System.Web.HttpContext context)
in &amp;lt;0x00b3b&amp;gt; System.Web.HttpApplication+&amp;lt;Pipeline&amp;gt;__2:MoveNext ()--- End of inner exception stack trace ---

--&gt;
</message>
                                  <stack-trace>in (wrapper xdomain-invoke) NunitWeb.MyHost:DoRun (string,NunitWeb.PageDelegates)
in (wrapper remoting-invoke-with-check) NunitWeb.MyHost:DoRun (string,NunitWeb.PageDelegates)
in [0x00008] (at /home/andrews/monobuild/mcs/class/System.Web/Test/mainsoft/NunitWeb/NunitWeb/Helper.cs:185) NunitWeb.Helper:RunUrlDelegates (System.String url, PageDelegates pd)
in [0x0002b] (at /home/andrews/monobuild/mcs/class/System.Web/Test/mainsoft/NunitWeb/NunitWeb/Helper.cs:161) NunitWeb.Helper:RunUrl (System.String url, NunitWeb.AnyMethodInPage method, System.Object anyParam)
in [0x00008] (at /home/andrews/monobuild/mcs/class/System.Web/Test/mainsoft/NunitWeb/NunitWeb/Helper.cs:235) NunitWeb.Helper:RunInPageWithMaster (NunitWeb.AnyMethodInPage method, System.Object param)
in (wrapper remoting-invoke-with-check) NunitWeb.Helper:RunInPageWithMaster (NunitWeb.Helper/AnyMethodInPage,object)
in [0x00012] (at /home/andrews/monobuild/mcs/class/System.Web/Test/System.Web.UI.WebControls/MasterPageTest.cs:91) MonoTests.System.Web.UI.WebControls.MasterPageTest:MasterPage_Render ()
in &lt;0x00000&gt; &lt;unknown method&gt;
in (wrapper managed-to-native) System.Reflection.MonoMethod:InternalInvoke (object,object[])
in [0x00044] (at /home/andrews/monobuild/mcs/class/corlib/System.Reflection/MonoMethod.cs:131) System.Reflection.MonoMethod:Invoke (System.Object obj, BindingFlags invokeAttr, System.Reflection.Binder binder, System.Object[] parameters, System.Globalization.CultureInfo culture)
</stack-trace>
                                </failure>
                              </test-case>
                            </results>
                          </test-suite>
                          <test-suite name="MenuTest" success="False" time="2.741745" asserts="0">
                            <results>
                              <test-case name="MonoTests.System.Web.UI.WebControls.MenuTest.Menu_RenderBeginTag" executed="True" success="False" time="1.771" asserts="0">
                                <categories>
                                  <category name="NotWorking" />
                                  <category name="NunitWeb" />
                                </categories>
                                <failure>
                                  <message>NUnit.Framework.AssertionException: RenderBeginTag 
	String lengths differ.  Expected length=159, but was length=47.
	Strings differ at index 1.
	
	expected:&lt;"&lt;span&gt;&lt;a&gt;&lt;img alt="Skip Navigation L..."&gt;
	 but was:&lt;"&lt;table cellpadding="0" cellspacing="..."&gt;
	------------^
	
in [0x00031] (at /home/andrews/monobuild/mcs/nunit20/framework/Assert.cs:664) NUnit.Framework.Assert:Fail (System.String message, System.Object[] args)
in [0x00002] (at /home/andrews/monobuild/mcs/nunit20/framework/Assert.cs:674) NUnit.Framework.Assert:Fail (System.String message)
in [0x00009] (at /home/andrews/monobuild/mcs/nunit20/framework/Assert.cs:737) NUnit.Framework.Assert:FailNotEquals (System.Object expected, System.Object actual, System.String message, System.Object[] args)
in [0x00076] (at /home/andrews/monobuild/mcs/nunit20/framework/Assert.cs:421) NUnit.Framework.Assert:AreEqual (System.Object expected, System.Object actual, System.String message, System.Object[] args)
in [0x00004] (at /home/andrews/monobuild/mcs/nunit20/framework/Assert.cs:435) NUnit.Framework.Assert:AreEqual (System.Object expected, System.Object actual, System.String message)
in [0x00019] (at /home/andrews/monobuild/mcs/class/System.Web/Test/mainsoft/MainsoftWebTest/NunitWebTest.cs:96) MonoTests.stand_alone.WebHarness.WebTest:AssertAreEqual (System.String origin, System.String derived, System.String msg)
in [0x00041] (at /home/andrews/monobuild/mcs/class/System.Web/Test/System.Web.UI.WebControls/MenuTest.cs:413) MonoTests.System.Web.UI.WebControls.MenuTest:_BeginTagRender (System.Web.HttpContext c, System.Web.UI.Page p, System.Object param)
in (wrapper delegate-invoke) System.MulticastDelegate:invoke_void_HttpContext_Page_object (System.Web.HttpContext,System.Web.UI.Page,object)
in [0x0001f] (at /home/andrews/monobuild/mcs/class/System.Web/Test/mainsoft/NunitWeb/NunitWeb/MyHost.cs:190) NunitWeb.MyHost:RunAnyMethodInPage (System.Web.HttpContext context, System.Web.UI.Page page, NunitWeb.AnyMethodInPage method)
  ----&gt; NUnit.Framework.AssertionException : RenderBeginTag 
	String lengths differ.  Expected length=159, but was length=47.
	Strings differ at index 1.
	
	expected:&lt;"&lt;span&gt;&lt;a&gt;&lt;img alt="Skip Navigation L..."&gt;
	 but was:&lt;"&lt;table cellpadding="0" cellspacing="..."&gt;
	------------^
	</message>
                                  <stack-trace>in (wrapper xdomain-invoke) NunitWeb.MyHost:DoRun (string,NunitWeb.PageDelegates)
in (wrapper remoting-invoke-with-check) NunitWeb.MyHost:DoRun (string,NunitWeb.PageDelegates)
in [0x00008] (at /home/andrews/monobuild/mcs/class/System.Web/Test/mainsoft/NunitWeb/NunitWeb/Helper.cs:185) NunitWeb.Helper:RunUrlDelegates (System.String url, PageDelegates pd)
in [0x0002b] (at /home/andrews/monobuild/mcs/class/System.Web/Test/mainsoft/NunitWeb/NunitWeb/Helper.cs:161) NunitWeb.Helper:RunUrl (System.String url, NunitWeb.AnyMethodInPage method, System.Object anyParam)
in [0x00008] (at /home/andrews/monobuild/mcs/class/System.Web/Test/mainsoft/NunitWeb/NunitWeb/Helper.cs:225) NunitWeb.Helper:RunInPage (NunitWeb.AnyMethodInPage method, System.Object param)
in (wrapper remoting-invoke-with-check) NunitWeb.Helper:RunInPage (NunitWeb.Helper/AnyMethodInPage,object)
in [0x00012] (at /home/andrews/monobuild/mcs/class/System.Web/Test/System.Web.UI.WebControls/MenuTest.cs:396) MonoTests.System.Web.UI.WebControls.MenuTest:Menu_RenderBeginTag ()
in &lt;0x00000&gt; &lt;unknown method&gt;
in (wrapper managed-to-native) System.Reflection.MonoMethod:InternalInvoke (object,object[])
in [0x00044] (at /home/andrews/monobuild/mcs/class/corlib/System.Reflection/MonoMethod.cs:131) System.Reflection.MonoMethod:Invoke (System.Object obj, BindingFlags invokeAttr, System.Reflection.Binder binder, System.Object[] parameters, System.Globalization.CultureInfo culture)
--AssertionException
in [0x00019] (at /home/andrews/monobuild/mcs/class/System.Web/Test/mainsoft/MainsoftWebTest/NunitWebTest.cs:96) MonoTests.stand_alone.WebHarness.WebTest:AssertAreEqual (System.String origin, System.String derived, System.String msg)
in [0x00041] (at /home/andrews/monobuild/mcs/class/System.Web/Test/System.Web.UI.WebControls/MenuTest.cs:413) MonoTests.System.Web.UI.WebControls.MenuTest:_BeginTagRender (System.Web.HttpContext c, System.Web.UI.Page p, System.Object param)
in (wrapper delegate-invoke) System.MulticastDelegate:invoke_void_HttpContext_Page_object (System.Web.HttpContext,System.Web.UI.Page,object)
in [0x0001f] (at /home/andrews/monobuild/mcs/class/System.Web/Test/mainsoft/NunitWeb/NunitWeb/MyHost.cs:190) NunitWeb.MyHost:RunAnyMethodInPage (System.Web.HttpContext context, System.Web.UI.Page page, NunitWeb.AnyMethodInPage method)
</stack-trace>
                                </failure>
                              </test-case>
                              <test-case name="MonoTests.System.Web.UI.WebControls.MenuTest.Menu_RenderEndTag" executed="True" success="False" time="0.127" asserts="0">
                                <categories>
                                  <category name="NotWorking" />
                                  <category name="NunitWeb" />
                                </categories>
                                <failure>
                                  <message>System.NullReferenceException : System.NullReferenceException: Object reference not set to an instance of an object
in [0x0002e] (at /home/andrews/monobuild/mcs/class/System.Web/System.Web.UI.WebControls/Menu.cs:1073) System.Web.UI.WebControls.Menu:RenderEndTag (System.Web.UI.HtmlTextWriter writer)
in [0x0002d] (at /home/andrews/monobuild/mcs/class/System.Web/Test/System.Web.UI.WebControls/MenuTest.cs:430) MonoTests.System.Web.UI.WebControls.MenuTest:_EndTagRender (System.Web.HttpContext c, System.Web.UI.Page p, System.Object param)
in (wrapper delegate-invoke) System.MulticastDelegate:invoke_void_HttpContext_Page_object (System.Web.HttpContext,System.Web.UI.Page,object)
in [0x0001f] (at /home/andrews/monobuild/mcs/class/System.Web/Test/mainsoft/NunitWeb/NunitWeb/MyHost.cs:190) NunitWeb.MyHost:RunAnyMethodInPage (System.Web.HttpContext context, System.Web.UI.Page page, NunitWeb.AnyMethodInPage method)
  ----&gt; System.NullReferenceException : Object reference not set to an instance of an object</message>
                                  <stack-trace>in (wrapper xdomain-invoke) NunitWeb.MyHost:DoRun (string,NunitWeb.PageDelegates)
in (wrapper remoting-invoke-with-check) NunitWeb.MyHost:DoRun (string,NunitWeb.PageDelegates)
in [0x00008] (at /home/andrews/monobuild/mcs/class/System.Web/Test/mainsoft/NunitWeb/NunitWeb/Helper.cs:185) NunitWeb.Helper:RunUrlDelegates (System.String url, PageDelegates pd)
in [0x0002b] (at /home/andrews/monobuild/mcs/class/System.Web/Test/mainsoft/NunitWeb/NunitWeb/Helper.cs:161) NunitWeb.Helper:RunUrl (System.String url, NunitWeb.AnyMethodInPage method, System.Object anyParam)
in [0x00008] (at /home/andrews/monobuild/mcs/class/System.Web/Test/mainsoft/NunitWeb/NunitWeb/Helper.cs:225) NunitWeb.Helper:RunInPage (NunitWeb.AnyMethodInPage method, System.Object param)
in (wrapper remoting-invoke-with-check) NunitWeb.Helper:RunInPage (NunitWeb.Helper/AnyMethodInPage,object)
in [0x00012] (at /home/andrews/monobuild/mcs/class/System.Web/Test/System.Web.UI.WebControls/MenuTest.cs:421) MonoTests.System.Web.UI.WebControls.MenuTest:Menu_RenderEndTag ()
in &lt;0x00000&gt; &lt;unknown method&gt;
in (wrapper managed-to-native) System.Reflection.MonoMethod:InternalInvoke (object,object[])
in [0x00044] (at /home/andrews/monobuild/mcs/class/corlib/System.Reflection/MonoMethod.cs:131) System.Reflection.MonoMethod:Invoke (System.Object obj, BindingFlags invokeAttr, System.Reflection.Binder binder, System.Object[] parameters, System.Globalization.CultureInfo culture)
--NullReferenceException
in [0x0002e] (at /home/andrews/monobuild/mcs/class/System.Web/System.Web.UI.WebControls/Menu.cs:1073) System.Web.UI.WebControls.Menu:RenderEndTag (System.Web.UI.HtmlTextWriter writer)
in [0x0002d] (at /home/andrews/monobuild/mcs/class/System.Web/Test/System.Web.UI.WebControls/MenuTest.cs:430) MonoTests.System.Web.UI.WebControls.MenuTest:_EndTagRender (System.Web.HttpContext c, System.Web.UI.Page p, System.Object param)
in (wrapper delegate-invoke) System.MulticastDelegate:invoke_void_HttpContext_Page_object (System.Web.HttpContext,System.Web.UI.Page,object)
in [0x0001f] (at /home/andrews/monobuild/mcs/class/System.Web/Test/mainsoft/NunitWeb/NunitWeb/MyHost.cs:190) NunitWeb.MyHost:RunAnyMethodInPage (System.Web.HttpContext context, System.Web.UI.Page page, NunitWeb.AnyMethodInPage method)
</stack-trace>
                                </failure>
                              </test-case>
                              <test-case name="MonoTests.System.Web.UI.WebControls.MenuTest.Menu_DefaultRender" executed="True" success="False" time="0.310" asserts="1">
                                <categories>
                                  <category name="NotWorking" />
                                  <category name="NunitWeb" />
                                </categories>
                                <failure>
                                  <message>RenderDefault 
	String lengths differ.  Expected length=35, but was length=90.
	Strings differ at index 1.
	
	expected:&lt;"&lt;TestCaseAborted&gt;&lt;/TestCaseAborted&gt;"&gt;
	 but was:&lt;"&lt;?xml version="1.0" encoding="iso-88..."&gt;
	------------^
	</message>
                                  <stack-trace>in [0x00019] (at /home/andrews/monobuild/mcs/class/System.Web/Test/mainsoft/MainsoftWebTest/NunitWebTest.cs:96) MonoTests.stand_alone.WebHarness.WebTest:AssertAreEqual (System.String origin, System.String derived, System.String msg)
in [0x0002c] (at /home/andrews/monobuild/mcs/class/System.Web/Test/System.Web.UI.WebControls/MenuTest.cs:519) MonoTests.System.Web.UI.WebControls.MenuTest:Menu_DefaultRender ()
in &lt;0x00000&gt; &lt;unknown method&gt;
in (wrapper managed-to-native) System.Reflection.MonoMethod:InternalInvoke (object,object[])
in [0x00044] (at /home/andrews/monobuild/mcs/class/corlib/System.Reflection/MonoMethod.cs:131) System.Reflection.MonoMethod:Invoke (System.Object obj, BindingFlags invokeAttr, System.Reflection.Binder binder, System.Object[] parameters, System.Globalization.CultureInfo culture)
</stack-trace>
                                </failure>
                              </test-case>
                              <test-case name="MonoTests.System.Web.UI.WebControls.MenuTest.Menu_ItemsRender" executed="True" success="False" time="0.161" asserts="1">
                                <categories>
                                  <category name="NotWorking" />
                                  <category name="NunitWeb" />
                                </categories>
                                <failure>
                                  <message>Render Items 
	String lengths differ.  Expected length=824, but was length=1207.
	Strings differ at index 7.
	
	expected:&lt;"&lt;span&gt;&lt;a&gt;&lt;img alt="Skip Navigation Links" ..."&gt;
	 but was:&lt;"&lt;span&gt;&lt;table cellpadding="0" cellspacing="..."&gt;
	------------------^
	</message>
                                  <stack-trace>in [0x00019] (at /home/andrews/monobuild/mcs/class/System.Web/Test/mainsoft/MainsoftWebTest/NunitWebTest.cs:96) MonoTests.stand_alone.WebHarness.WebTest:AssertAreEqual (System.String origin, System.String derived, System.String msg)
in [0x0002c] (at /home/andrews/monobuild/mcs/class/System.Web/Test/System.Web.UI.WebControls/MenuTest.cs:572) MonoTests.System.Web.UI.WebControls.MenuTest:Menu_ItemsRender ()
in &lt;0x00000&gt; &lt;unknown method&gt;
in (wrapper managed-to-native) System.Reflection.MonoMethod:InternalInvoke (object,object[])
in [0x00044] (at /home/andrews/monobuild/mcs/class/corlib/System.Reflection/MonoMethod.cs:131) System.Reflection.MonoMethod:Invoke (System.Object obj, BindingFlags invokeAttr, System.Reflection.Binder binder, System.Object[] parameters, System.Globalization.CultureInfo culture)
</stack-trace>
                                </failure>
                              </test-case>
                              <test-case name="MonoTests.System.Web.UI.WebControls.MenuTest.Menu_PreRenderEvent" executed="True" success="True" time="0.121" asserts="0">
                                <categories>
                                  <category name="NunitWeb" />
                                </categories>
                              </test-case>
                            </results>
                          </test-suite>
                          <test-suite name="SiteMapPathTest" success="False" time="2.66825" asserts="0">
                            <results>
                              <test-case name="MonoTests.System.Web.UI.WebControls.SiteMapPathTest.SiteMapPath_RenderProperty" executed="True" success="False" time="1.333" asserts="1">
                                <categories>
                                  <category name="NotWorking" />
                                  <category name="NunitWeb" />
                                </categories>
                                <failure>
                                  <message>RenderProperty 
	String lengths differ.  Expected length=217, but was length=187.
	Strings differ at index 13.
	
	expected:&lt;"&lt;span style="display:inline-block"&gt;&lt;font color="..."&gt;
	 but was:&lt;"&lt;span style="background-color:red;border-color:r..."&gt;
	------------------------^
	</message>
                                  <stack-trace>in [0x00019] (at /home/andrews/monobuild/mcs/class/System.Web/Test/mainsoft/MainsoftWebTest/NunitWebTest.cs:96) MonoTests.stand_alone.WebHarness.WebTest:AssertAreEqual (System.String origin, System.String derived, System.String msg)
in [0x0002c] (at /home/andrews/monobuild/mcs/class/System.Web/Test/System.Web.UI.WebControls/SiteMapPathTest.cs:234) MonoTests.System.Web.UI.WebControls.SiteMapPathTest:SiteMapPath_RenderProperty ()
in &lt;0x00000&gt; &lt;unknown method&gt;
in (wrapper managed-to-native) System.Reflection.MonoMethod:InternalInvoke (object,object[])
in [0x00044] (at /home/andrews/monobuild/mcs/class/corlib/System.Reflection/MonoMethod.cs:131) System.Reflection.MonoMethod:Invoke (System.Object obj, BindingFlags invokeAttr, System.Reflection.Binder binder, System.Object[] parameters, System.Globalization.CultureInfo culture)
</stack-trace>
                                </failure>
                              </test-case>
                              <test-case name="MonoTests.System.Web.UI.WebControls.SiteMapPathTest.SiteMapPath_RenderStyles" executed="True" success="False" time="0.155" asserts="1">
                                <categories>
                                  <category name="NotWorking" />
                                  <category name="NunitWeb" />
                                </categories>
                                <failure>
                                  <message>RenderStyles 
	String lengths differ.  Expected length=168, but was length=123.
	Strings differ at index 5.
	
	expected:&lt;"&lt;span&gt;&lt;a&gt;&lt;img alt="Skip Navigation Links..."&gt;
	 but was:&lt;"&lt;span style="background-color:red"&gt;&lt;a&gt;&lt;i..."&gt;
	----------------^
	</message>
                                  <stack-trace>in [0x00019] (at /home/andrews/monobuild/mcs/class/System.Web/Test/mainsoft/MainsoftWebTest/NunitWebTest.cs:96) MonoTests.stand_alone.WebHarness.WebTest:AssertAreEqual (System.String origin, System.String derived, System.String msg)
in [0x0002c] (at /home/andrews/monobuild/mcs/class/System.Web/Test/System.Web.UI.WebControls/SiteMapPathTest.cs:248) MonoTests.System.Web.UI.WebControls.SiteMapPathTest:SiteMapPath_RenderStyles ()
in &lt;0x00000&gt; &lt;unknown method&gt;
in (wrapper managed-to-native) System.Reflection.MonoMethod:InternalInvoke (object,object[])
in [0x00044] (at /home/andrews/monobuild/mcs/class/corlib/System.Reflection/MonoMethod.cs:131) System.Reflection.MonoMethod:Invoke (System.Object obj, BindingFlags invokeAttr, System.Reflection.Binder binder, System.Object[] parameters, System.Globalization.CultureInfo culture)
</stack-trace>
                                </failure>
                              </test-case>
                              <test-case name="MonoTests.System.Web.UI.WebControls.SiteMapPathTest.SiteMapPath_DefaultRender" executed="True" success="False" time="0.110" asserts="1">
                                <categories>
                                  <category name="NotWorking" />
                                  <category name="NunitWeb" />
                                </categories>
                                <failure>
                                  <message>RenderDefault 
	String lengths differ.  Expected length=168, but was length=94.
	Strings differ at index 81.
	
	expected:&lt;"...h="0" border="0" height="0" /&gt;&lt;/a&gt;&lt;span&gt;&lt;a title="test"&gt;root&lt;/a&gt;&lt;/span..."&gt;
	 but was:&lt;"...h="0" border="0" height="0" /&gt;&lt;/a&gt;&lt;a&gt;&lt;/a&gt;&lt;/span&gt;"&gt;
	-------------------------------------------------^
	</message>
                                  <stack-trace>in [0x00019] (at /home/andrews/monobuild/mcs/class/System.Web/Test/mainsoft/MainsoftWebTest/NunitWebTest.cs:96) MonoTests.stand_alone.WebHarness.WebTest:AssertAreEqual (System.String origin, System.String derived, System.String msg)
in [0x0002c] (at /home/andrews/monobuild/mcs/class/System.Web/Test/System.Web.UI.WebControls/SiteMapPathTest.cs:261) MonoTests.System.Web.UI.WebControls.SiteMapPathTest:SiteMapPath_DefaultRender ()
in &lt;0x00000&gt; &lt;unknown method&gt;
in (wrapper managed-to-native) System.Reflection.MonoMethod:InternalInvoke (object,object[])
in [0x00044] (at /home/andrews/monobuild/mcs/class/corlib/System.Reflection/MonoMethod.cs:131) System.Reflection.MonoMethod:Invoke (System.Object obj, BindingFlags invokeAttr, System.Reflection.Binder binder, System.Object[] parameters, System.Globalization.CultureInfo culture)
</stack-trace>
                                </failure>
                              </test-case>
                              <test-case name="MonoTests.System.Web.UI.WebControls.SiteMapPathTest.SiteMapPath_SiteMapRootNode" executed="True" success="True" time="0.157" asserts="0">
                                <categories>
                                  <category name="NunitWeb" />
                                </categories>
                              </test-case>
                              <test-case name="MonoTests.System.Web.UI.WebControls.SiteMapPathTest.SiteMapPath_InitializeItem" executed="True" success="False" time="0.133" asserts="0">
                                <categories>
                                  <category name="NotWorking" />
                                  <category name="NunitWeb" />
                                </categories>
                                <failure>
                                  <message>NUnit.Framework.AssertionException: InitializeItem 
	expected:&lt;Color [Red]&gt;
	 but was:&lt;Color [Empty]&gt;
in [0x00031] (at /home/andrews/monobuild/mcs/nunit20/framework/Assert.cs:664) NUnit.Framework.Assert:Fail (System.String message, System.Object[] args)
in [0x00002] (at /home/andrews/monobuild/mcs/nunit20/framework/Assert.cs:674) NUnit.Framework.Assert:Fail (System.String message)
in [0x00009] (at /home/andrews/monobuild/mcs/nunit20/framework/Assert.cs:737) NUnit.Framework.Assert:FailNotEquals (System.Object expected, System.Object actual, System.String message, System.Object[] args)
in [0x00076] (at /home/andrews/monobuild/mcs/nunit20/framework/Assert.cs:421) NUnit.Framework.Assert:AreEqual (System.Object expected, System.Object actual, System.String message, System.Object[] args)
in [0x00004] (at /home/andrews/monobuild/mcs/nunit20/framework/Assert.cs:435) NUnit.Framework.Assert:AreEqual (System.Object expected, System.Object actual, System.String message)
in [0x0003f] (at /home/andrews/monobuild/mcs/class/System.Web/Test/System.Web.UI.WebControls/SiteMapPathTest.cs:373) MonoTests.System.Web.UI.WebControls.SiteMapPathTest:InitializeItem (System.Web.HttpContext c, System.Web.UI.Page p, System.Object param)
in (wrapper delegate-invoke) System.MulticastDelegate:invoke_void_HttpContext_Page_object (System.Web.HttpContext,System.Web.UI.Page,object)
in [0x0001f] (at /home/andrews/monobuild/mcs/class/System.Web/Test/mainsoft/NunitWeb/NunitWeb/MyHost.cs:190) NunitWeb.MyHost:RunAnyMethodInPage (System.Web.HttpContext context, System.Web.UI.Page page, NunitWeb.AnyMethodInPage method)
  ----&gt; NUnit.Framework.AssertionException : InitializeItem 
	expected:&lt;Color [Red]&gt;
	 but was:&lt;Color [Empty]&gt;</message>
                                  <stack-trace>in (wrapper xdomain-invoke) NunitWeb.MyHost:DoRun (string,NunitWeb.PageDelegates)
in (wrapper remoting-invoke-with-check) NunitWeb.MyHost:DoRun (string,NunitWeb.PageDelegates)
in [0x00008] (at /home/andrews/monobuild/mcs/class/System.Web/Test/mainsoft/NunitWeb/NunitWeb/Helper.cs:185) NunitWeb.Helper:RunUrlDelegates (System.String url, PageDelegates pd)
in [0x0002b] (at /home/andrews/monobuild/mcs/class/System.Web/Test/mainsoft/NunitWeb/NunitWeb/Helper.cs:161) NunitWeb.Helper:RunUrl (System.String url, NunitWeb.AnyMethodInPage method, System.Object anyParam)
in [0x00008] (at /home/andrews/monobuild/mcs/class/System.Web/Test/mainsoft/NunitWeb/NunitWeb/Helper.cs:225) NunitWeb.Helper:RunInPage (NunitWeb.AnyMethodInPage method, System.Object param)
in (wrapper remoting-invoke-with-check) NunitWeb.Helper:RunInPage (NunitWeb.Helper/AnyMethodInPage,object)
in [0x00012] (at /home/andrews/monobuild/mcs/class/System.Web/Test/System.Web.UI.WebControls/SiteMapPathTest.cs:353) MonoTests.System.Web.UI.WebControls.SiteMapPathTest:SiteMapPath_InitializeItem ()
in &lt;0x00000&gt; &lt;unknown method&gt;
in (wrapper managed-to-native) System.Reflection.MonoMethod:InternalInvoke (object,object[])
in [0x00044] (at /home/andrews/monobuild/mcs/class/corlib/System.Reflection/MonoMethod.cs:131) System.Reflection.MonoMethod:Invoke (System.Object obj, BindingFlags invokeAttr, System.Reflection.Binder binder, System.Object[] parameters, System.Globalization.CultureInfo culture)
--AssertionException
in [0x0003f] (at /home/andrews/monobuild/mcs/class/System.Web/Test/System.Web.UI.WebControls/SiteMapPathTest.cs:373) MonoTests.System.Web.UI.WebControls.SiteMapPathTest:InitializeItem (System.Web.HttpContext c, System.Web.UI.Page p, System.Object param)
in (wrapper delegate-invoke) System.MulticastDelegate:invoke_void_HttpContext_Page_object (System.Web.HttpContext,System.Web.UI.Page,object)
in [0x0001f] (at /home/andrews/monobuild/mcs/class/System.Web/Test/mainsoft/NunitWeb/NunitWeb/MyHost.cs:190) NunitWeb.MyHost:RunAnyMethodInPage (System.Web.HttpContext context, System.Web.UI.Page page, NunitWeb.AnyMethodInPage method)
</stack-trace>
                                </failure>
                              </test-case>
                              <test-case name="MonoTests.System.Web.UI.WebControls.SiteMapPathTest.SiteMapPath_SiteMapChildNode" executed="True" success="False" time="0.108" asserts="0">
                                <categories>
                                  <category name="NotWorking" />
                                  <category name="NunitWeb" />
                                </categories>
                                <failure>
                                  <message>NUnit.Framework.AssertionException: InitializeItem 
	expected:&lt;Color [Red]&gt;
	 but was:&lt;Color [Empty]&gt;
in [0x00031] (at /home/andrews/monobuild/mcs/nunit20/framework/Assert.cs:664) NUnit.Framework.Assert:Fail (System.String message, System.Object[] args)
in [0x00002] (at /home/andrews/monobuild/mcs/nunit20/framework/Assert.cs:674) NUnit.Framework.Assert:Fail (System.String message)
in [0x00009] (at /home/andrews/monobuild/mcs/nunit20/framework/Assert.cs:737) NUnit.Framework.Assert:FailNotEquals (System.Object expected, System.Object actual, System.String message, System.Object[] args)
in [0x00076] (at /home/andrews/monobuild/mcs/nunit20/framework/Assert.cs:421) NUnit.Framework.Assert:AreEqual (System.Object expected, System.Object actual, System.String message, System.Object[] args)
in [0x00004] (at /home/andrews/monobuild/mcs/nunit20/framework/Assert.cs:435) NUnit.Framework.Assert:AreEqual (System.Object expected, System.Object actual, System.String message)
in [0x0003f] (at /home/andrews/monobuild/mcs/class/System.Web/Test/System.Web.UI.WebControls/SiteMapPathTest.cs:373) MonoTests.System.Web.UI.WebControls.SiteMapPathTest:InitializeItem (System.Web.HttpContext c, System.Web.UI.Page p, System.Object param)
in (wrapper delegate-invoke) System.MulticastDelegate:invoke_void_HttpContext_Page_object (System.Web.HttpContext,System.Web.UI.Page,object)
in [0x0001f] (at /home/andrews/monobuild/mcs/class/System.Web/Test/mainsoft/NunitWeb/NunitWeb/MyHost.cs:190) NunitWeb.MyHost:RunAnyMethodInPage (System.Web.HttpContext context, System.Web.UI.Page page, NunitWeb.AnyMethodInPage method)
  ----&gt; NUnit.Framework.AssertionException : InitializeItem 
	expected:&lt;Color [Red]&gt;
	 but was:&lt;Color [Empty]&gt;</message>
                                  <stack-trace>in (wrapper xdomain-invoke) NunitWeb.MyHost:DoRun (string,NunitWeb.PageDelegates)
in (wrapper remoting-invoke-with-check) NunitWeb.MyHost:DoRun (string,NunitWeb.PageDelegates)
in [0x00008] (at /home/andrews/monobuild/mcs/class/System.Web/Test/mainsoft/NunitWeb/NunitWeb/Helper.cs:185) NunitWeb.Helper:RunUrlDelegates (System.String url, PageDelegates pd)
in [0x0002b] (at /home/andrews/monobuild/mcs/class/System.Web/Test/mainsoft/NunitWeb/NunitWeb/Helper.cs:161) NunitWeb.Helper:RunUrl (System.String url, NunitWeb.AnyMethodInPage method, System.Object anyParam)
in [0x00008] (at /home/andrews/monobuild/mcs/class/System.Web/Test/mainsoft/NunitWeb/NunitWeb/Helper.cs:225) NunitWeb.Helper:RunInPage (NunitWeb.AnyMethodInPage method, System.Object param)
in (wrapper remoting-invoke-with-check) NunitWeb.Helper:RunInPage (NunitWeb.Helper/AnyMethodInPage,object)
in [0x00012] (at /home/andrews/monobuild/mcs/class/System.Web/Test/System.Web.UI.WebControls/SiteMapPathTest.cs:360) MonoTests.System.Web.UI.WebControls.SiteMapPathTest:SiteMapPath_SiteMapChildNode ()
in &lt;0x00000&gt; &lt;unknown method&gt;
in (wrapper managed-to-native) System.Reflection.MonoMethod:InternalInvoke (object,object[])
in [0x00044] (at /home/andrews/monobuild/mcs/class/corlib/System.Reflection/MonoMethod.cs:131) System.Reflection.MonoMethod:Invoke (System.Object obj, BindingFlags invokeAttr, System.Reflection.Binder binder, System.Object[] parameters, System.Globalization.CultureInfo culture)
--AssertionException
in [0x0003f] (at /home/andrews/monobuild/mcs/class/System.Web/Test/System.Web.UI.WebControls/SiteMapPathTest.cs:373) MonoTests.System.Web.UI.WebControls.SiteMapPathTest:InitializeItem (System.Web.HttpContext c, System.Web.UI.Page p, System.Object param)
in (wrapper delegate-invoke) System.MulticastDelegate:invoke_void_HttpContext_Page_object (System.Web.HttpContext,System.Web.UI.Page,object)
in [0x0001f] (at /home/andrews/monobuild/mcs/class/System.Web/Test/mainsoft/NunitWeb/NunitWeb/MyHost.cs:190) NunitWeb.MyHost:RunAnyMethodInPage (System.Web.HttpContext context, System.Web.UI.Page page, NunitWeb.AnyMethodInPage method)
</stack-trace>
                                </failure>
                              </test-case>
                              <test-case name="MonoTests.System.Web.UI.WebControls.SiteMapPathTest.SiteMapPath_Events" executed="True" success="True" time="0.112" asserts="0">
                                <categories>
                                  <category name="NunitWeb" />
                                </categories>
                              </test-case>
                            </results>
                          </test-suite>
                          <test-suite name="ThemeTest" success="True" time="5.597279" asserts="0">
                            <results>
                              <test-case name="MonoTests.System.Web.UI.WebControls.ThemeTest.Theme_TestLabelTheme" executed="True" success="True" time="2.171" asserts="0">
                                <categories>
                                  <category name="NunitWeb" />
                                </categories>
                              </test-case>
                              <test-case name="MonoTests.System.Web.UI.WebControls.ThemeTest.Theme_TestImageTheme" executed="True" success="True" time="0.113" asserts="0">
                                <categories>
                                  <category name="NunitWeb" />
                                </categories>
                              </test-case>
                              <test-case name="MonoTests.System.Web.UI.WebControls.ThemeTest.Theme_TestLabelStyleSheet" executed="True" success="True" time="0.791" asserts="0">
                                <categories>
                                  <category name="NunitWeb" />
                                </categories>
                              </test-case>
                              <test-case name="MonoTests.System.Web.UI.WebControls.ThemeTest.Theme_TestImageStyleSheet" executed="True" success="True" time="0.111" asserts="0">
                                <categories>
                                  <category name="NunitWeb" />
                                </categories>
                              </test-case>
                              <test-case name="MonoTests.System.Web.UI.WebControls.ThemeTest.Theme_TestRuntimeSetTheme" executed="True" success="True" time="0.779" asserts="0">
                                <categories>
                                  <category name="NunitWeb" />
                                </categories>
                              </test-case>
                              <test-case name="MonoTests.System.Web.UI.WebControls.ThemeTest.Theme_TestThemeNotExistExeption" executed="True" success="True" time="0.760" asserts="1">
                                <categories>
                                  <category name="NunitWeb" />
                                </categories>
                              </test-case>
                              <test-case name="MonoTests.System.Web.UI.WebControls.ThemeTest.Theme_SetThemeException" executed="True" success="True" time="0.108" asserts="1">
                                <categories>
                                  <category name="NunitWeb" />
                                </categories>
                              </test-case>
                            </results>
                          </test-suite>
                        </results>
                      </test-suite>
                    </results>
                  </test-suite>
                </results>
              </test-suite>
            </results>
          </test-suite>
        </results>
      </test-suite>
    </results>
  </test-suite>
</test-results>